index unknown counts total = 30783962

index matches counts
	GTAGCGTA = 8119243
	AACAGCGA = 8872034
	CTCTGGAT = 34976387
	CACTTCAC = 4191388
	TATGGCAC = 11184304
	TCGACAAG = 3853350
	ATCGTGGT = 6887592
	GATCTTGC = 3641072
	CGATCGAT = 5604966
	TAGCCATG = 10629633
	TACCGGAT = 76363857
	GCTACTCT = 7416557
	TGTTCCGT = 15733007
	TCTTCGAC = 42094112
	TCGAGAGT = 11741547
	AGAGTCCA = 11316780
	GATCAAGG = 6587100
	CGGTAATC = 5064906
	CTAGCTCA = 17332036
	ACGATCAG = 7942853
	GTCCTAAG = 8830276
	ATCATGCG = 10087503
	TCGGATTC = 4611350
	AGGATAGC = 8673180
total = 331755033

index hop counts:
	GTAGCGTA-AACAGCGA = 348
	GTAGCGTA-CTCTGGAT = 965
	GTAGCGTA-CACTTCAC = 101
	GTAGCGTA-TATGGCAC = 377
	GTAGCGTA-TCGACAAG = 119
	GTAGCGTA-ATCGTGGT = 306
	GTAGCGTA-GATCTTGC = 159
	GTAGCGTA-CGATCGAT = 213
	GTAGCGTA-TAGCCATG = 332
	GTAGCGTA-TACCGGAT = 1975
	GTAGCGTA-GCTACTCT = 1532
	GTAGCGTA-TGTTCCGT = 608
	GTAGCGTA-TCTTCGAC = 1351
	GTAGCGTA-TCGAGAGT = 776
	GTAGCGTA-AGAGTCCA = 537
	GTAGCGTA-GATCAAGG = 258
	GTAGCGTA-CGGTAATC = 149
	GTAGCGTA-CTAGCTCA = 1014
	GTAGCGTA-ACGATCAG = 826
	GTAGCGTA-GTCCTAAG = 415
	GTAGCGTA-ATCATGCG = 353
	GTAGCGTA-TCGGATTC = 162
	GTAGCGTA-AGGATAGC = 327
	AACAGCGA-GTAGCGTA = 492
	AACAGCGA-CTCTGGAT = 1292
	AACAGCGA-CACTTCAC = 182
	AACAGCGA-TATGGCAC = 482
	AACAGCGA-TCGACAAG = 133
	AACAGCGA-ATCGTGGT = 448
	AACAGCGA-GATCTTGC = 628
	AACAGCGA-CGATCGAT = 329
	AACAGCGA-TAGCCATG = 386
	AACAGCGA-TACCGGAT = 2578
	AACAGCGA-GCTACTCT = 249
	AACAGCGA-TGTTCCGT = 653
	AACAGCGA-TCTTCGAC = 2178
	AACAGCGA-TCGAGAGT = 508
	AACAGCGA-AGAGTCCA = 625
	AACAGCGA-GATCAAGG = 344
	AACAGCGA-CGGTAATC = 173
	AACAGCGA-CTAGCTCA = 755
	AACAGCGA-ACGATCAG = 553
	AACAGCGA-GTCCTAAG = 363
	AACAGCGA-ATCATGCG = 688
	AACAGCGA-TCGGATTC = 378
	AACAGCGA-AGGATAGC = 541
	CTCTGGAT-GTAGCGTA = 1165
	CTCTGGAT-AACAGCGA = 1033
	CTCTGGAT-CACTTCAC = 685
	CTCTGGAT-TATGGCAC = 1742
	CTCTGGAT-TCGACAAG = 570
	CTCTGGAT-ATCGTGGT = 1257
	CTCTGGAT-GATCTTGC = 646
	CTCTGGAT-CGATCGAT = 2171
	CTCTGGAT-TAGCCATG = 1277
	CTCTGGAT-TACCGGAT = 14152
	CTCTGGAT-GCTACTCT = 2491
	CTCTGGAT-TGTTCCGT = 2652
	CTCTGGAT-TCTTCGAC = 6129
	CTCTGGAT-TCGAGAGT = 2379
	CTCTGGAT-AGAGTCCA = 2037
	CTCTGGAT-GATCAAGG = 819
	CTCTGGAT-CGGTAATC = 1010
	CTCTGGAT-CTAGCTCA = 3445
	CTCTGGAT-ACGATCAG = 1401
	CTCTGGAT-GTCCTAAG = 1359
	CTCTGGAT-ATCATGCG = 1308
	CTCTGGAT-TCGGATTC = 770
	CTCTGGAT-AGGATAGC = 1211
	CACTTCAC-GTAGCGTA = 131
	CACTTCAC-AACAGCGA = 125
	CACTTCAC-CTCTGGAT = 660
	CACTTCAC-TATGGCAC = 358
	CACTTCAC-TCGACAAG = 67
	CACTTCAC-ATCGTGGT = 103
	CACTTCAC-GATCTTGC = 108
	CACTTCAC-CGATCGAT = 174
	CACTTCAC-TAGCCATG = 3205
	CACTTCAC-TACCGGAT = 1043
	CACTTCAC-GCTACTCT = 101
	CACTTCAC-TGTTCCGT = 279
	CACTTCAC-TCTTCGAC = 938
	CACTTCAC-TCGAGAGT = 179
	CACTTCAC-AGAGTCCA = 191
	CACTTCAC-GATCAAGG = 122
	CACTTCAC-CGGTAATC = 224
	CACTTCAC-CTAGCTCA = 371
	CACTTCAC-ACGATCAG = 371
	CACTTCAC-GTCCTAAG = 132
	CACTTCAC-ATCATGCG = 158
	CACTTCAC-TCGGATTC = 141
	CACTTCAC-AGGATAGC = 223
	TATGGCAC-GTAGCGTA = 363
	TATGGCAC-AACAGCGA = 661
	TATGGCAC-CTCTGGAT = 1574
	TATGGCAC-CACTTCAC = 474
	TATGGCAC-TCGACAAG = 277
	TATGGCAC-ATCGTGGT = 318
	TATGGCAC-GATCTTGC = 404
	TATGGCAC-CGATCGAT = 275
	TATGGCAC-TAGCCATG = 610
	TATGGCAC-TACCGGAT = 4625
	TATGGCAC-GCTACTCT = 317
	TATGGCAC-TGTTCCGT = 88571
	TATGGCAC-TCTTCGAC = 4277
	TATGGCAC-TCGAGAGT = 958
	TATGGCAC-AGAGTCCA = 534
	TATGGCAC-GATCAAGG = 338
	TATGGCAC-CGGTAATC = 366
	TATGGCAC-CTAGCTCA = 906
	TATGGCAC-ACGATCAG = 574
	TATGGCAC-GTCCTAAG = 759
	TATGGCAC-ATCATGCG = 472
	TATGGCAC-TCGGATTC = 991
	TATGGCAC-AGGATAGC = 675
	TCGACAAG-GTAGCGTA = 110
	TCGACAAG-AACAGCGA = 100
	TCGACAAG-CTCTGGAT = 449
	TCGACAAG-CACTTCAC = 35
	TCGACAAG-TATGGCAC = 205
	TCGACAAG-ATCGTGGT = 98
	TCGACAAG-GATCTTGC = 70
	TCGACAAG-CGATCGAT = 105
	TCGACAAG-TAGCCATG = 323
	TCGACAAG-TACCGGAT = 957
	TCGACAAG-GCTACTCT = 105
	TCGACAAG-TGTTCCGT = 246
	TCGACAAG-TCTTCGAC = 782
	TCGACAAG-TCGAGAGT = 358
	TCGACAAG-AGAGTCCA = 150
	TCGACAAG-GATCAAGG = 146
	TCGACAAG-CGGTAATC = 56
	TCGACAAG-CTAGCTCA = 256
	TCGACAAG-ACGATCAG = 281
	TCGACAAG-GTCCTAAG = 233
	TCGACAAG-ATCATGCG = 7836
	TCGACAAG-TCGGATTC = 127
	TCGACAAG-AGGATAGC = 175
	ATCGTGGT-GTAGCGTA = 258
	ATCGTGGT-AACAGCGA = 195
	ATCGTGGT-CTCTGGAT = 1349
	ATCGTGGT-CACTTCAC = 84
	ATCGTGGT-TATGGCAC = 288
	ATCGTGGT-TCGACAAG = 112
	ATCGTGGT-GATCTTGC = 137
	ATCGTGGT-CGATCGAT = 219
	ATCGTGGT-TAGCCATG = 228
	ATCGTGGT-TACCGGAT = 2090
	ATCGTGGT-GCTACTCT = 253
	ATCGTGGT-TGTTCCGT = 473
	ATCGTGGT-TCTTCGAC = 1391
	ATCGTGGT-TCGAGAGT = 562
	ATCGTGGT-AGAGTCCA = 372
	ATCGTGGT-GATCAAGG = 617
	ATCGTGGT-CGGTAATC = 175
	ATCGTGGT-CTAGCTCA = 472
	ATCGTGGT-ACGATCAG = 307
	ATCGTGGT-GTCCTAAG = 178
	ATCGTGGT-ATCATGCG = 314
	ATCGTGGT-TCGGATTC = 157
	ATCGTGGT-AGGATAGC = 267
	GATCTTGC-GTAGCGTA = 170
	GATCTTGC-AACAGCGA = 179
	GATCTTGC-CTCTGGAT = 397
	GATCTTGC-CACTTCAC = 102
	GATCTTGC-TATGGCAC = 251
	GATCTTGC-TCGACAAG = 48
	GATCTTGC-ATCGTGGT = 109
	GATCTTGC-CGATCGAT = 205
	GATCTTGC-TAGCCATG = 136
	GATCTTGC-TACCGGAT = 790
	GATCTTGC-GCTACTCT = 132
	GATCTTGC-TGTTCCGT = 203
	GATCTTGC-TCTTCGAC = 755
	GATCTTGC-TCGAGAGT = 176
	GATCTTGC-AGAGTCCA = 208
	GATCTTGC-GATCAAGG = 184
	GATCTTGC-CGGTAATC = 133
	GATCTTGC-CTAGCTCA = 269
	GATCTTGC-ACGATCAG = 193
	GATCTTGC-GTCCTAAG = 167
	GATCTTGC-ATCATGCG = 252
	GATCTTGC-TCGGATTC = 85
	GATCTTGC-AGGATAGC = 368
	CGATCGAT-GTAGCGTA = 204
	CGATCGAT-AACAGCGA = 171
	CGATCGAT-CTCTGGAT = 1304
	CGATCGAT-CACTTCAC = 124
	CGATCGAT-TATGGCAC = 219
	CGATCGAT-TCGACAAG = 105
	CGATCGAT-ATCGTGGT = 167
	CGATCGAT-GATCTTGC = 131
	CGATCGAT-TAGCCATG = 236
	CGATCGAT-TACCGGAT = 2046
	CGATCGAT-GCTACTCT = 195
	CGATCGAT-TGTTCCGT = 504
	CGATCGAT-TCTTCGAC = 1160
	CGATCGAT-TCGAGAGT = 329
	CGATCGAT-AGAGTCCA = 278
	CGATCGAT-GATCAAGG = 183
	CGATCGAT-CGGTAATC = 214
	CGATCGAT-CTAGCTCA = 463
	CGATCGAT-ACGATCAG = 291
	CGATCGAT-GTCCTAAG = 227
	CGATCGAT-ATCATGCG = 208
	CGATCGAT-TCGGATTC = 117
	CGATCGAT-AGGATAGC = 321
	TAGCCATG-GTAGCGTA = 331
	TAGCCATG-AACAGCGA = 277
	TAGCCATG-CTCTGGAT = 1106
	TAGCCATG-CACTTCAC = 247
	TAGCCATG-TATGGCAC = 521
	TAGCCATG-TCGACAAG = 231
	TAGCCATG-ATCGTGGT = 239
	TAGCCATG-GATCTTGC = 209
	TAGCCATG-CGATCGAT = 183
	TAGCCATG-TACCGGAT = 2851
	TAGCCATG-GCTACTCT = 248
	TAGCCATG-TGTTCCGT = 724
	TAGCCATG-TCTTCGAC = 1611
	TAGCCATG-TCGAGAGT = 556
	TAGCCATG-AGAGTCCA = 466
	TAGCCATG-GATCAAGG = 398
	TAGCCATG-CGGTAATC = 196
	TAGCCATG-CTAGCTCA = 877
	TAGCCATG-ACGATCAG = 441
	TAGCCATG-GTCCTAAG = 426
	TAGCCATG-ATCATGCG = 453
	TAGCCATG-TCGGATTC = 240
	TAGCCATG-AGGATAGC = 362
	TACCGGAT-GTAGCGTA = 2217
	TACCGGAT-AACAGCGA = 2269
	TACCGGAT-CTCTGGAT = 20269
	TACCGGAT-CACTTCAC = 1434
	TACCGGAT-TATGGCAC = 4603
	TACCGGAT-TCGACAAG = 1237
	TACCGGAT-ATCGTGGT = 3453
	TACCGGAT-GATCTTGC = 1427
	TACCGGAT-CGATCGAT = 2118
	TACCGGAT-TAGCCATG = 4661
	TACCGGAT-GCTACTCT = 1798
	TACCGGAT-TGTTCCGT = 5737
	TACCGGAT-TCTTCGAC = 13576
	TACCGGAT-TCGAGAGT = 5863
	TACCGGAT-AGAGTCCA = 2906
	TACCGGAT-GATCAAGG = 2203
	TACCGGAT-CGGTAATC = 2913
	TACCGGAT-CTAGCTCA = 5282
	TACCGGAT-ACGATCAG = 2928
	TACCGGAT-GTCCTAAG = 3170
	TACCGGAT-ATCATGCG = 2665
	TACCGGAT-TCGGATTC = 1922
	TACCGGAT-AGGATAGC = 2734
	GCTACTCT-GTAGCGTA = 651
	GCTACTCT-AACAGCGA = 259
	GCTACTCT-CTCTGGAT = 1195
	GCTACTCT-CACTTCAC = 96
	GCTACTCT-TATGGCAC = 335
	GCTACTCT-TCGACAAG = 99
	GCTACTCT-ATCGTGGT = 240
	GCTACTCT-GATCTTGC = 181
	GCTACTCT-CGATCGAT = 214
	GCTACTCT-TAGCCATG = 299
	GCTACTCT-TACCGGAT = 1846
	GCTACTCT-TGTTCCGT = 709
	GCTACTCT-TCTTCGAC = 1122
	GCTACTCT-TCGAGAGT = 470
	GCTACTCT-AGAGTCCA = 492
	GCTACTCT-GATCAAGG = 229
	GCTACTCT-CGGTAATC = 166
	GCTACTCT-CTAGCTCA = 814
	GCTACTCT-ACGATCAG = 370
	GCTACTCT-GTCCTAAG = 334
	GCTACTCT-ATCATGCG = 323
	GCTACTCT-TCGGATTC = 148
	GCTACTCT-AGGATAGC = 277
	TGTTCCGT-GTAGCGTA = 575
	TGTTCCGT-AACAGCGA = 791
	TGTTCCGT-CTCTGGAT = 1941
	TGTTCCGT-CACTTCAC = 266
	TGTTCCGT-TATGGCAC = 85536
	TGTTCCGT-TCGACAAG = 242
	TGTTCCGT-ATCGTGGT = 499
	TGTTCCGT-GATCTTGC = 350
	TGTTCCGT-CGATCGAT = 527
	TGTTCCGT-TAGCCATG = 633
	TGTTCCGT-TACCGGAT = 4606
	TGTTCCGT-GCTACTCT = 487
	TGTTCCGT-TCTTCGAC = 2719
	TGTTCCGT-TCGAGAGT = 1090
	TGTTCCGT-AGAGTCCA = 845
	TGTTCCGT-GATCAAGG = 400
	TGTTCCGT-CGGTAATC = 283
	TGTTCCGT-CTAGCTCA = 1116
	TGTTCCGT-ACGATCAG = 568
	TGTTCCGT-GTCCTAAG = 462
	TGTTCCGT-ATCATGCG = 718
	TGTTCCGT-TCGGATTC = 920
	TGTTCCGT-AGGATAGC = 584
	TCTTCGAC-GTAGCGTA = 1326
	TCTTCGAC-AACAGCGA = 1079
	TCTTCGAC-CTCTGGAT = 5933
	TCTTCGAC-CACTTCAC = 951
	TCTTCGAC-TATGGCAC = 2865
	TCTTCGAC-TCGACAAG = 1053
	TCTTCGAC-ATCGTGGT = 4468
	TCTTCGAC-GATCTTGC = 1042
	TCTTCGAC-CGATCGAT = 1187
	TCTTCGAC-TAGCCATG = 1719
	TCTTCGAC-TACCGGAT = 10986
	TCTTCGAC-GCTACTCT = 1090
	TCTTCGAC-TGTTCCGT = 3200
	TCTTCGAC-TCGAGAGT = 2779
	TCTTCGAC-AGAGTCCA = 1619
	TCTTCGAC-GATCAAGG = 1934
	TCTTCGAC-CGGTAATC = 1234
	TCTTCGAC-CTAGCTCA = 3013
	TCTTCGAC-ACGATCAG = 1807
	TCTTCGAC-GTCCTAAG = 1381
	TCTTCGAC-ATCATGCG = 1520
	TCTTCGAC-TCGGATTC = 1643
	TCTTCGAC-AGGATAGC = 2140
	TCGAGAGT-GTAGCGTA = 360
	TCGAGAGT-AACAGCGA = 329
	TCGAGAGT-CTCTGGAT = 1857
	TCGAGAGT-CACTTCAC = 159
	TCGAGAGT-TATGGCAC = 483
	TCGAGAGT-TCGACAAG = 277
	TCGAGAGT-ATCGTGGT = 509
	TCGAGAGT-GATCTTGC = 215
	TCGAGAGT-CGATCGAT = 349
	TCGAGAGT-TAGCCATG = 428
	TCGAGAGT-TACCGGAT = 3632
	TCGAGAGT-GCTACTCT = 637
	TCGAGAGT-TGTTCCGT = 1126
	TCGAGAGT-TCTTCGAC = 2011
	TCGAGAGT-AGAGTCCA = 516
	TCGAGAGT-GATCAAGG = 315
	TCGAGAGT-CGGTAATC = 253
	TCGAGAGT-CTAGCTCA = 829
	TCGAGAGT-ACGATCAG = 655
	TCGAGAGT-GTCCTAAG = 362
	TCGAGAGT-ATCATGCG = 374
	TCGAGAGT-TCGGATTC = 383
	TCGAGAGT-AGGATAGC = 494
	AGAGTCCA-GTAGCGTA = 1058
	AGAGTCCA-AACAGCGA = 481
	AGAGTCCA-CTCTGGAT = 1255
	AGAGTCCA-CACTTCAC = 197
	AGAGTCCA-TATGGCAC = 551
	AGAGTCCA-TCGACAAG = 153
	AGAGTCCA-ATCGTGGT = 357
	AGAGTCCA-GATCTTGC = 206
	AGAGTCCA-CGATCGAT = 285
	AGAGTCCA-TAGCCATG = 459
	AGAGTCCA-TACCGGAT = 2707
	AGAGTCCA-GCTACTCT = 362
	AGAGTCCA-TGTTCCGT = 889
	AGAGTCCA-TCTTCGAC = 1660
	AGAGTCCA-TCGAGAGT = 1115
	AGAGTCCA-GATCAAGG = 270
	AGAGTCCA-CGGTAATC = 244
	AGAGTCCA-CTAGCTCA = 1359
	AGAGTCCA-ACGATCAG = 660
	AGAGTCCA-GTCCTAAG = 407
	AGAGTCCA-ATCATGCG = 478
	AGAGTCCA-TCGGATTC = 236
	AGAGTCCA-AGGATAGC = 606
	GATCAAGG-GTAGCGTA = 277
	GATCAAGG-AACAGCGA = 215
	GATCAAGG-CTCTGGAT = 775
	GATCAAGG-CACTTCAC = 95
	GATCAAGG-TATGGCAC = 297
	GATCAAGG-TCGACAAG = 149
	GATCAAGG-ATCGTGGT = 448
	GATCAAGG-GATCTTGC = 266
	GATCAAGG-CGATCGAT = 211
	GATCAAGG-TAGCCATG = 397
	GATCAAGG-TACCGGAT = 1650
	GATCAAGG-GCTACTCT = 248
	GATCAAGG-TGTTCCGT = 417
	GATCAAGG-TCTTCGAC = 18138
	GATCAAGG-TCGAGAGT = 320
	GATCAAGG-AGAGTCCA = 328
	GATCAAGG-CGGTAATC = 122
	GATCAAGG-CTAGCTCA = 448
	GATCAAGG-ACGATCAG = 567
	GATCAAGG-GTCCTAAG = 421
	GATCAAGG-ATCATGCG = 323
	GATCAAGG-TCGGATTC = 120
	GATCAAGG-AGGATAGC = 264
	CGGTAATC-GTAGCGTA = 148
	CGGTAATC-AACAGCGA = 154
	CGGTAATC-CTCTGGAT = 766
	CGGTAATC-CACTTCAC = 203
	CGGTAATC-TATGGCAC = 309
	CGGTAATC-TCGACAAG = 85
	CGGTAATC-ATCGTGGT = 386
	CGGTAATC-GATCTTGC = 163
	CGGTAATC-CGATCGAT = 228
	CGGTAATC-TAGCCATG = 351
	CGGTAATC-TACCGGAT = 7265
	CGGTAATC-GCTACTCT = 147
	CGGTAATC-TGTTCCGT = 399
	CGGTAATC-TCTTCGAC = 1316
	CGGTAATC-TCGAGAGT = 258
	CGGTAATC-AGAGTCCA = 244
	CGGTAATC-GATCAAGG = 185
	CGGTAATC-CTAGCTCA = 509
	CGGTAATC-ACGATCAG = 217
	CGGTAATC-GTCCTAAG = 164
	CGGTAATC-ATCATGCG = 203
	CGGTAATC-TCGGATTC = 162
	CGGTAATC-AGGATAGC = 339
	CTAGCTCA-GTAGCGTA = 1242
	CTAGCTCA-AACAGCGA = 620
	CTAGCTCA-CTCTGGAT = 3996
	CTAGCTCA-CACTTCAC = 338
	CTAGCTCA-TATGGCAC = 977
	CTAGCTCA-TCGACAAG = 14841
	CTAGCTCA-ATCGTGGT = 554
	CTAGCTCA-GATCTTGC = 422
	CTAGCTCA-CGATCGAT = 599
	CTAGCTCA-TAGCCATG = 977
	CTAGCTCA-TACCGGAT = 4738
	CTAGCTCA-GCTACTCT = 1829
	CTAGCTCA-TGTTCCGT = 1247
	CTAGCTCA-TCTTCGAC = 2907
	CTAGCTCA-TCGAGAGT = 1256
	CTAGCTCA-AGAGTCCA = 1253
	CTAGCTCA-GATCAAGG = 511
	CTAGCTCA-CGGTAATC = 430
	CTAGCTCA-ACGATCAG = 851
	CTAGCTCA-GTCCTAAG = 736
	CTAGCTCA-ATCATGCG = 1851
	CTAGCTCA-TCGGATTC = 431
	CTAGCTCA-AGGATAGC = 704
	ACGATCAG-GTAGCGTA = 292
	ACGATCAG-AACAGCGA = 275
	ACGATCAG-CTCTGGAT = 1060
	ACGATCAG-CACTTCAC = 186
	ACGATCAG-TATGGCAC = 454
	ACGATCAG-TCGACAAG = 334
	ACGATCAG-ATCGTGGT = 242
	ACGATCAG-GATCTTGC = 193
	ACGATCAG-CGATCGAT = 361
	ACGATCAG-TAGCCATG = 515
	ACGATCAG-TACCGGAT = 2271
	ACGATCAG-GCTACTCT = 335
	ACGATCAG-TGTTCCGT = 579
	ACGATCAG-TCTTCGAC = 1352
	ACGATCAG-TCGAGAGT = 510
	ACGATCAG-AGAGTCCA = 511
	ACGATCAG-GATCAAGG = 361
	ACGATCAG-CGGTAATC = 203
	ACGATCAG-CTAGCTCA = 665
	ACGATCAG-GTCCTAAG = 508
	ACGATCAG-ATCATGCG = 433
	ACGATCAG-TCGGATTC = 175
	ACGATCAG-AGGATAGC = 415
	GTCCTAAG-GTAGCGTA = 385
	GTCCTAAG-AACAGCGA = 461
	GTCCTAAG-CTCTGGAT = 1151
	GTCCTAAG-CACTTCAC = 134
	GTCCTAAG-TATGGCAC = 7066
	GTCCTAAG-TCGACAAG = 183
	GTCCTAAG-ATCGTGGT = 255
	GTCCTAAG-GATCTTGC = 224
	GTCCTAAG-CGATCGAT = 251
	GTCCTAAG-TAGCCATG = 451
	GTCCTAAG-TACCGGAT = 2326
	GTCCTAAG-GCTACTCT = 277
	GTCCTAAG-TGTTCCGT = 990
	GTCCTAAG-TCTTCGAC = 1345
	GTCCTAAG-TCGAGAGT = 381
	GTCCTAAG-AGAGTCCA = 409
	GTCCTAAG-GATCAAGG = 437
	GTCCTAAG-CGGTAATC = 158
	GTCCTAAG-CTAGCTCA = 664
	GTCCTAAG-ACGATCAG = 451
	GTCCTAAG-ATCATGCG = 419
	GTCCTAAG-TCGGATTC = 271
	GTCCTAAG-AGGATAGC = 311
	ATCATGCG-GTAGCGTA = 358
	ATCATGCG-AACAGCGA = 540
	ATCATGCG-CTCTGGAT = 1513
	ATCATGCG-CACTTCAC = 170
	ATCATGCG-TATGGCAC = 788
	ATCATGCG-TCGACAAG = 305
	ATCATGCG-ATCGTGGT = 598
	ATCATGCG-GATCTTGC = 288
	ATCATGCG-CGATCGAT = 265
	ATCATGCG-TAGCCATG = 917
	ATCATGCG-TACCGGAT = 2521
	ATCATGCG-GCTACTCT = 328
	ATCATGCG-TGTTCCGT = 734
	ATCATGCG-TCTTCGAC = 1858
	ATCATGCG-TCGAGAGT = 497
	ATCATGCG-AGAGTCCA = 621
	ATCATGCG-GATCAAGG = 549
	ATCATGCG-CGGTAATC = 201
	ATCATGCG-CTAGCTCA = 848
	ATCATGCG-ACGATCAG = 782
	ATCATGCG-GTCCTAAG = 636
	ATCATGCG-TCGGATTC = 217
	ATCATGCG-AGGATAGC = 582
	TCGGATTC-GTAGCGTA = 133
	TCGGATTC-AACAGCGA = 1047
	TCGGATTC-CTCTGGAT = 619
	TCGGATTC-CACTTCAC = 111
	TCGGATTC-TATGGCAC = 424
	TCGGATTC-TCGACAAG = 88
	TCGGATTC-ATCGTGGT = 118
	TCGGATTC-GATCTTGC = 293
	TCGGATTC-CGATCGAT = 254
	TCGGATTC-TAGCCATG = 191
	TCGGATTC-TACCGGAT = 1173
	TCGGATTC-GCTACTCT = 123
	TCGGATTC-TGTTCCGT = 327
	TCGGATTC-TCTTCGAC = 1307
	TCGGATTC-TCGAGAGT = 311
	TCGGATTC-AGAGTCCA = 223
	TCGGATTC-GATCAAGG = 132
	TCGGATTC-CGGTAATC = 188
	TCGGATTC-CTAGCTCA = 407
	TCGGATTC-ACGATCAG = 216
	TCGGATTC-GTCCTAAG = 164
	TCGGATTC-ATCATGCG = 173
	TCGGATTC-AGGATAGC = 315
	AGGATAGC-GTAGCGTA = 996
	AGGATAGC-AACAGCGA = 355
	AGGATAGC-CTCTGGAT = 1100
	AGGATAGC-CACTTCAC = 359
	AGGATAGC-TATGGCAC = 683
	AGGATAGC-TCGACAAG = 133
	AGGATAGC-ATCGTGGT = 319
	AGGATAGC-GATCTTGC = 549
	AGGATAGC-CGATCGAT = 282
	AGGATAGC-TAGCCATG = 394
	AGGATAGC-TACCGGAT = 2227
	AGGATAGC-GCTACTCT = 413
	AGGATAGC-TGTTCCGT = 698
	AGGATAGC-TCTTCGAC = 2149
	AGGATAGC-TCGAGAGT = 570
	AGGATAGC-AGAGTCCA = 662
	AGGATAGC-GATCAAGG = 228
	AGGATAGC-CGGTAATC = 323
	AGGATAGC-CTAGCTCA = 783
	AGGATAGC-ACGATCAG = 531
	AGGATAGC-GTCCTAAG = 307
	AGGATAGC-ATCATGCG = 509
	AGGATAGC-TCGGATTC = 355
total = 707740

% index matches: 91.33049275721639
% index hops: 0.19483726398807136
% index unknown: 8.474669978795541
