index unknown counts = 57748853

index matches counts:
	GTAGCGTA = 7450201
	AACAGCGA = 8178191
	CTCTGGAT = 32163349
	CACTTCAC = 3833640
	TATGGCAC = 10195805
	TCGACAAG = 3548541
	ATCGTGGT = 6357656
	GATCTTGC = 3425453
	CGATCGAT = 5225776
	TAGCCATG = 9852258
	TACCGGAT = 69307073
	GCTACTCT = 6610857
	TGTTCCGT = 14786868
	TCTTCGAC = 39149148
	TCGAGAGT = 10658212
	AGAGTCCA = 10378366
	GATCAAGG = 6085915
	CGGTAATC = 4498136
	CTAGCTCA = 16162895
	ACGATCAG = 7441721
	GTCCTAAG = 8164223
	ATCATGCG = 9264615
	TCGGATTC = 4163314
	AGGATAGC = 8078057
total = 305080270

index hop counts:
	GTAGCGTA-AACAGCGA = 222
	GTAGCGTA-CTCTGGAT = 600
	GTAGCGTA-CACTTCAC = 74
	GTAGCGTA-TATGGCAC = 236
	GTAGCGTA-TCGACAAG = 72
	GTAGCGTA-ATCGTGGT = 195
	GTAGCGTA-GATCTTGC = 96
	GTAGCGTA-CGATCGAT = 144
	GTAGCGTA-TAGCCATG = 197
	GTAGCGTA-TACCGGAT = 1261
	GTAGCGTA-GCTACTCT = 1333
	GTAGCGTA-TGTTCCGT = 361
	GTAGCGTA-TCTTCGAC = 800
	GTAGCGTA-TCGAGAGT = 574
	GTAGCGTA-AGAGTCCA = 357
	GTAGCGTA-GATCAAGG = 156
	GTAGCGTA-CGGTAATC = 104
	GTAGCGTA-CTAGCTCA = 586
	GTAGCGTA-ACGATCAG = 640
	GTAGCGTA-GTCCTAAG = 272
	GTAGCGTA-ATCATGCG = 210
	GTAGCGTA-TCGGATTC = 101
	GTAGCGTA-AGGATAGC = 197
	AACAGCGA-GTAGCGTA = 314
	AACAGCGA-CTCTGGAT = 818
	AACAGCGA-CACTTCAC = 120
	AACAGCGA-TATGGCAC = 334
	AACAGCGA-TCGACAAG = 92
	AACAGCGA-ATCGTGGT = 286
	AACAGCGA-GATCTTGC = 506
	AACAGCGA-CGATCGAT = 231
	AACAGCGA-TAGCCATG = 230
	AACAGCGA-TACCGGAT = 1716
	AACAGCGA-GCTACTCT = 153
	AACAGCGA-TGTTCCGT = 361
	AACAGCGA-TCTTCGAC = 1555
	AACAGCGA-TCGAGAGT = 298
	AACAGCGA-AGAGTCCA = 340
	AACAGCGA-GATCAAGG = 234
	AACAGCGA-CGGTAATC = 114
	AACAGCGA-CTAGCTCA = 404
	AACAGCGA-ACGATCAG = 343
	AACAGCGA-GTCCTAAG = 238
	AACAGCGA-ATCATGCG = 428
	AACAGCGA-TCGGATTC = 282
	AACAGCGA-AGGATAGC = 350
	CTCTGGAT-GTAGCGTA = 745
	CTCTGGAT-AACAGCGA = 684
	CTCTGGAT-CACTTCAC = 506
	CTCTGGAT-TATGGCAC = 1168
	CTCTGGAT-TCGACAAG = 385
	CTCTGGAT-ATCGTGGT = 729
	CTCTGGAT-GATCTTGC = 436
	CTCTGGAT-CGATCGAT = 1453
	CTCTGGAT-TAGCCATG = 837
	CTCTGGAT-TACCGGAT = 9772
	CTCTGGAT-GCTACTCT = 2028
	CTCTGGAT-TGTTCCGT = 1620
	CTCTGGAT-TCTTCGAC = 4193
	CTCTGGAT-TCGAGAGT = 1604
	CTCTGGAT-AGAGTCCA = 1407
	CTCTGGAT-GATCAAGG = 517
	CTCTGGAT-CGGTAATC = 577
	CTCTGGAT-CTAGCTCA = 2109
	CTCTGGAT-ACGATCAG = 874
	CTCTGGAT-GTCCTAAG = 821
	CTCTGGAT-ATCATGCG = 830
	CTCTGGAT-TCGGATTC = 540
	CTCTGGAT-AGGATAGC = 719
	CACTTCAC-GTAGCGTA = 82
	CACTTCAC-AACAGCGA = 77
	CACTTCAC-CTCTGGAT = 481
	CACTTCAC-TATGGCAC = 243
	CACTTCAC-TCGACAAG = 42
	CACTTCAC-ATCGTGGT = 78
	CACTTCAC-GATCTTGC = 69
	CACTTCAC-CGATCGAT = 143
	CACTTCAC-TAGCCATG = 2860
	CACTTCAC-TACCGGAT = 745
	CACTTCAC-GCTACTCT = 69
	CACTTCAC-TGTTCCGT = 197
	CACTTCAC-TCTTCGAC = 677
	CACTTCAC-TCGAGAGT = 106
	CACTTCAC-AGAGTCCA = 122
	CACTTCAC-GATCAAGG = 83
	CACTTCAC-CGGTAATC = 168
	CACTTCAC-CTAGCTCA = 220
	CACTTCAC-ACGATCAG = 274
	CACTTCAC-GTCCTAAG = 84
	CACTTCAC-ATCATGCG = 99
	CACTTCAC-TCGGATTC = 100
	CACTTCAC-AGGATAGC = 153
	TATGGCAC-GTAGCGTA = 234
	TATGGCAC-AACAGCGA = 512
	TATGGCAC-CTCTGGAT = 1134
	TATGGCAC-CACTTCAC = 347
	TATGGCAC-TCGACAAG = 178
	TATGGCAC-ATCGTGGT = 232
	TATGGCAC-GATCTTGC = 261
	TATGGCAC-CGATCGAT = 190
	TATGGCAC-TAGCCATG = 383
	TATGGCAC-TACCGGAT = 3404
	TATGGCAC-GCTACTCT = 235
	TATGGCAC-TGTTCCGT = 82265
	TATGGCAC-TCTTCGAC = 3173
	TATGGCAC-TCGAGAGT = 695
	TATGGCAC-AGAGTCCA = 314
	TATGGCAC-GATCAAGG = 240
	TATGGCAC-CGGTAATC = 243
	TATGGCAC-CTAGCTCA = 567
	TATGGCAC-ACGATCAG = 381
	TATGGCAC-GTCCTAAG = 580
	TATGGCAC-ATCATGCG = 315
	TATGGCAC-TCGGATTC = 785
	TATGGCAC-AGGATAGC = 435
	TCGACAAG-GTAGCGTA = 69
	TCGACAAG-AACAGCGA = 63
	TCGACAAG-CTCTGGAT = 296
	TCGACAAG-CACTTCAC = 20
	TCGACAAG-TATGGCAC = 118
	TCGACAAG-ATCGTGGT = 61
	TCGACAAG-GATCTTGC = 38
	TCGACAAG-CGATCGAT = 74
	TCGACAAG-TAGCCATG = 206
	TCGACAAG-TACCGGAT = 623
	TCGACAAG-GCTACTCT = 76
	TCGACAAG-TGTTCCGT = 140
	TCGACAAG-TCTTCGAC = 437
	TCGACAAG-TCGAGAGT = 254
	TCGACAAG-AGAGTCCA = 92
	TCGACAAG-GATCAAGG = 102
	TCGACAAG-CGGTAATC = 37
	TCGACAAG-CTAGCTCA = 153
	TCGACAAG-ACGATCAG = 182
	TCGACAAG-GTCCTAAG = 168
	TCGACAAG-ATCATGCG = 7188
	TCGACAAG-TCGGATTC = 73
	TCGACAAG-AGGATAGC = 118
	ATCGTGGT-GTAGCGTA = 175
	ATCGTGGT-AACAGCGA = 148
	ATCGTGGT-CTCTGGAT = 943
	ATCGTGGT-CACTTCAC = 61
	ATCGTGGT-TATGGCAC = 207
	ATCGTGGT-TCGACAAG = 77
	ATCGTGGT-GATCTTGC = 93
	ATCGTGGT-CGATCGAT = 157
	ATCGTGGT-TAGCCATG = 152
	ATCGTGGT-TACCGGAT = 1409
	ATCGTGGT-GCTACTCT = 172
	ATCGTGGT-TGTTCCGT = 284
	ATCGTGGT-TCTTCGAC = 1019
	ATCGTGGT-TCGAGAGT = 326
	ATCGTGGT-AGAGTCCA = 218
	ATCGTGGT-GATCAAGG = 503
	ATCGTGGT-CGGTAATC = 121
	ATCGTGGT-CTAGCTCA = 276
	ATCGTGGT-ACGATCAG = 223
	ATCGTGGT-GTCCTAAG = 129
	ATCGTGGT-ATCATGCG = 227
	ATCGTGGT-TCGGATTC = 101
	ATCGTGGT-AGGATAGC = 197
	GATCTTGC-GTAGCGTA = 116
	GATCTTGC-AACAGCGA = 131
	GATCTTGC-CTCTGGAT = 275
	GATCTTGC-CACTTCAC = 78
	GATCTTGC-TATGGCAC = 181
	GATCTTGC-TCGACAAG = 31
	GATCTTGC-ATCGTGGT = 62
	GATCTTGC-CGATCGAT = 165
	GATCTTGC-TAGCCATG = 78
	GATCTTGC-TACCGGAT = 530
	GATCTTGC-GCTACTCT = 93
	GATCTTGC-TGTTCCGT = 130
	GATCTTGC-TCTTCGAC = 520
	GATCTTGC-TCGAGAGT = 107
	GATCTTGC-AGAGTCCA = 127
	GATCTTGC-GATCAAGG = 122
	GATCTTGC-CGGTAATC = 89
	GATCTTGC-CTAGCTCA = 148
	GATCTTGC-ACGATCAG = 111
	GATCTTGC-GTCCTAAG = 114
	GATCTTGC-ATCATGCG = 159
	GATCTTGC-TCGGATTC = 61
	GATCTTGC-AGGATAGC = 263
	CGATCGAT-GTAGCGTA = 147
	CGATCGAT-AACAGCGA = 116
	CGATCGAT-CTCTGGAT = 873
	CGATCGAT-CACTTCAC = 89
	CGATCGAT-TATGGCAC = 136
	CGATCGAT-TCGACAAG = 81
	CGATCGAT-ATCGTGGT = 116
	CGATCGAT-GATCTTGC = 89
	CGATCGAT-TAGCCATG = 160
	CGATCGAT-TACCGGAT = 1482
	CGATCGAT-GCTACTCT = 140
	CGATCGAT-TGTTCCGT = 366
	CGATCGAT-TCTTCGAC = 850
	CGATCGAT-TCGAGAGT = 205
	CGATCGAT-AGAGTCCA = 185
	CGATCGAT-GATCAAGG = 114
	CGATCGAT-CGGTAATC = 147
	CGATCGAT-CTAGCTCA = 292
	CGATCGAT-ACGATCAG = 187
	CGATCGAT-GTCCTAAG = 150
	CGATCGAT-ATCATGCG = 136
	CGATCGAT-TCGGATTC = 87
	CGATCGAT-AGGATAGC = 220
	TAGCCATG-GTAGCGTA = 199
	TAGCCATG-AACAGCGA = 160
	TAGCCATG-CTCTGGAT = 695
	TAGCCATG-CACTTCAC = 195
	TAGCCATG-TATGGCAC = 321
	TAGCCATG-TCGACAAG = 157
	TAGCCATG-ATCGTGGT = 142
	TAGCCATG-GATCTTGC = 116
	TAGCCATG-CGATCGAT = 111
	TAGCCATG-TACCGGAT = 1771
	TAGCCATG-GCTACTCT = 148
	TAGCCATG-TGTTCCGT = 396
	TAGCCATG-TCTTCGAC = 945
	TAGCCATG-TCGAGAGT = 294
	TAGCCATG-AGAGTCCA = 254
	TAGCCATG-GATCAAGG = 260
	TAGCCATG-CGGTAATC = 104
	TAGCCATG-CTAGCTCA = 439
	TAGCCATG-ACGATCAG = 285
	TAGCCATG-GTCCTAAG = 300
	TAGCCATG-ATCATGCG = 264
	TAGCCATG-TCGGATTC = 134
	TAGCCATG-AGGATAGC = 195
	TACCGGAT-GTAGCGTA = 1250
	TACCGGAT-AACAGCGA = 1410
	TACCGGAT-CTCTGGAT = 10382
	TACCGGAT-CACTTCAC = 958
	TACCGGAT-TATGGCAC = 2745
	TACCGGAT-TCGACAAG = 735
	TACCGGAT-ATCGTGGT = 1531
	TACCGGAT-GATCTTGC = 801
	TACCGGAT-CGATCGAT = 1414
	TACCGGAT-TAGCCATG = 2676
	TACCGGAT-GCTACTCT = 1208
	TACCGGAT-TGTTCCGT = 3515
	TACCGGAT-TCTTCGAC = 8676
	TACCGGAT-TCGAGAGT = 2572
	TACCGGAT-AGAGTCCA = 1747
	TACCGGAT-GATCAAGG = 1267
	TACCGGAT-CGGTAATC = 2155
	TACCGGAT-CTAGCTCA = 3030
	TACCGGAT-ACGATCAG = 1707
	TACCGGAT-GTCCTAAG = 1625
	TACCGGAT-ATCATGCG = 1561
	TACCGGAT-TCGGATTC = 1001
	TACCGGAT-AGGATAGC = 1566
	GCTACTCT-GTAGCGTA = 513
	GCTACTCT-AACAGCGA = 168
	GCTACTCT-CTCTGGAT = 785
	GCTACTCT-CACTTCAC = 66
	GCTACTCT-TATGGCAC = 211
	GCTACTCT-TCGACAAG = 71
	GCTACTCT-ATCGTGGT = 138
	GCTACTCT-GATCTTGC = 110
	GCTACTCT-CGATCGAT = 141
	GCTACTCT-TAGCCATG = 185
	GCTACTCT-TACCGGAT = 1256
	GCTACTCT-TGTTCCGT = 406
	GCTACTCT-TCTTCGAC = 747
	GCTACTCT-TCGAGAGT = 291
	GCTACTCT-AGAGTCCA = 312
	GCTACTCT-GATCAAGG = 144
	GCTACTCT-CGGTAATC = 95
	GCTACTCT-CTAGCTCA = 431
	GCTACTCT-ACGATCAG = 250
	GCTACTCT-GTCCTAAG = 217
	GCTACTCT-ATCATGCG = 198
	GCTACTCT-TCGGATTC = 93
	GCTACTCT-AGGATAGC = 162
	TGTTCCGT-GTAGCGTA = 369
	TGTTCCGT-AACAGCGA = 621
	TGTTCCGT-CTCTGGAT = 1343
	TGTTCCGT-CACTTCAC = 204
	TGTTCCGT-TATGGCAC = 78364
	TGTTCCGT-TCGACAAG = 164
	TGTTCCGT-ATCGTGGT = 316
	TGTTCCGT-GATCTTGC = 251
	TGTTCCGT-CGATCGAT = 407
	TGTTCCGT-TAGCCATG = 405
	TGTTCCGT-TACCGGAT = 3285
	TGTTCCGT-GCTACTCT = 323
	TGTTCCGT-TCTTCGAC = 2001
	TGTTCCGT-TCGAGAGT = 656
	TGTTCCGT-AGAGTCCA = 547
	TGTTCCGT-GATCAAGG = 247
	TGTTCCGT-CGGTAATC = 186
	TGTTCCGT-CTAGCTCA = 643
	TGTTCCGT-ACGATCAG = 375
	TGTTCCGT-GTCCTAAG = 305
	TGTTCCGT-ATCATGCG = 464
	TGTTCCGT-TCGGATTC = 723
	TGTTCCGT-AGGATAGC = 370
	TCTTCGAC-GTAGCGTA = 838
	TCTTCGAC-AACAGCGA = 708
	TCTTCGAC-CTCTGGAT = 4102
	TCTTCGAC-CACTTCAC = 689
	TCTTCGAC-TATGGCAC = 2040
	TCTTCGAC-TCGACAAG = 635
	TCTTCGAC-ATCGTGGT = 3861
	TCTTCGAC-GATCTTGC = 739
	TCTTCGAC-CGATCGAT = 875
	TCTTCGAC-TAGCCATG = 1117
	TCTTCGAC-TACCGGAT = 7656
	TCTTCGAC-GCTACTCT = 826
	TCTTCGAC-TGTTCCGT = 2270
	TCTTCGAC-TCGAGAGT = 1786
	TCTTCGAC-AGAGTCCA = 1020
	TCTTCGAC-GATCAAGG = 1504
	TCTTCGAC-CGGTAATC = 780
	TCTTCGAC-CTAGCTCA = 1860
	TCTTCGAC-ACGATCAG = 1120
	TCTTCGAC-GTCCTAAG = 884
	TCTTCGAC-ATCATGCG = 979
	TCTTCGAC-TCGGATTC = 1033
	TCTTCGAC-AGGATAGC = 1308
	TCGAGAGT-GTAGCGTA = 247
	TCGAGAGT-AACAGCGA = 244
	TCGAGAGT-CTCTGGAT = 1286
	TCGAGAGT-CACTTCAC = 110
	TCGAGAGT-TATGGCAC = 328
	TCGAGAGT-TCGACAAG = 239
	TCGAGAGT-ATCGTGGT = 329
	TCGAGAGT-GATCTTGC = 153
	TCGAGAGT-CGATCGAT = 256
	TCGAGAGT-TAGCCATG = 290
	TCGAGAGT-TACCGGAT = 2525
	TCGAGAGT-GCTACTCT = 465
	TCGAGAGT-TGTTCCGT = 671
	TCGAGAGT-TCTTCGAC = 1383
	TCGAGAGT-AGAGTCCA = 306
	TCGAGAGT-GATCAAGG = 206
	TCGAGAGT-CGGTAATC = 180
	TCGAGAGT-CTAGCTCA = 525
	TCGAGAGT-ACGATCAG = 503
	TCGAGAGT-GTCCTAAG = 259
	TCGAGAGT-ATCATGCG = 276
	TCGAGAGT-TCGGATTC = 274
	TCGAGAGT-AGGATAGC = 355
	AGAGTCCA-GTAGCGTA = 878
	AGAGTCCA-AACAGCGA = 331
	AGAGTCCA-CTCTGGAT = 754
	AGAGTCCA-CACTTCAC = 127
	AGAGTCCA-TATGGCAC = 324
	AGAGTCCA-TCGACAAG = 90
	AGAGTCCA-ATCGTGGT = 220
	AGAGTCCA-GATCTTGC = 110
	AGAGTCCA-CGATCGAT = 200
	AGAGTCCA-TAGCCATG = 261
	AGAGTCCA-TACCGGAT = 1699
	AGAGTCCA-GCTACTCT = 232
	AGAGTCCA-TGTTCCGT = 456
	AGAGTCCA-TCTTCGAC = 941
	AGAGTCCA-TCGAGAGT = 779
	AGAGTCCA-GATCAAGG = 162
	AGAGTCCA-CGGTAATC = 147
	AGAGTCCA-CTAGCTCA = 766
	AGAGTCCA-ACGATCAG = 408
	AGAGTCCA-GTCCTAAG = 233
	AGAGTCCA-ATCATGCG = 291
	AGAGTCCA-TCGGATTC = 141
	AGAGTCCA-AGGATAGC = 339
	GATCAAGG-GTAGCGTA = 183
	GATCAAGG-AACAGCGA = 128
	GATCAAGG-CTCTGGAT = 474
	GATCAAGG-CACTTCAC = 64
	GATCAAGG-TATGGCAC = 180
	GATCAAGG-TCGACAAG = 99
	GATCAAGG-ATCGTGGT = 322
	GATCAAGG-GATCTTGC = 149
	GATCAAGG-CGATCGAT = 136
	GATCAAGG-TAGCCATG = 240
	GATCAAGG-TACCGGAT = 1045
	GATCAAGG-GCTACTCT = 142
	GATCAAGG-TGTTCCGT = 239
	GATCAAGG-TCTTCGAC = 15551
	GATCAAGG-TCGAGAGT = 195
	GATCAAGG-AGAGTCCA = 165
	GATCAAGG-CGGTAATC = 79
	GATCAAGG-CTAGCTCA = 203
	GATCAAGG-ACGATCAG = 406
	GATCAAGG-GTCCTAAG = 298
	GATCAAGG-ATCATGCG = 183
	GATCAAGG-TCGGATTC = 77
	GATCAAGG-AGGATAGC = 159
	CGGTAATC-GTAGCGTA = 88
	CGGTAATC-AACAGCGA = 82
	CGGTAATC-CTCTGGAT = 431
	CGGTAATC-CACTTCAC = 147
	CGGTAATC-TATGGCAC = 151
	CGGTAATC-TCGACAAG = 50
	CGGTAATC-ATCGTGGT = 280
	CGGTAATC-GATCTTGC = 81
	CGGTAATC-CGATCGAT = 135
	CGGTAATC-TAGCCATG = 239
	CGGTAATC-TACCGGAT = 5971
	CGGTAATC-GCTACTCT = 79
	CGGTAATC-TGTTCCGT = 172
	CGGTAATC-TCTTCGAC = 807
	CGGTAATC-TCGAGAGT = 124
	CGGTAATC-AGAGTCCA = 115
	CGGTAATC-GATCAAGG = 105
	CGGTAATC-CTAGCTCA = 205
	CGGTAATC-ACGATCAG = 103
	CGGTAATC-GTCCTAAG = 75
	CGGTAATC-ATCATGCG = 100
	CGGTAATC-TCGGATTC = 107
	CGGTAATC-AGGATAGC = 201
	CTAGCTCA-GTAGCGTA = 869
	CTAGCTCA-AACAGCGA = 400
	CTAGCTCA-CTCTGGAT = 2871
	CTAGCTCA-CACTTCAC = 218
	CTAGCTCA-TATGGCAC = 591
	CTAGCTCA-TCGACAAG = 13254
	CTAGCTCA-ATCGTGGT = 339
	CTAGCTCA-GATCTTGC = 242
	CTAGCTCA-CGATCGAT = 388
	CTAGCTCA-TAGCCATG = 567
	CTAGCTCA-TACCGGAT = 2996
	CTAGCTCA-GCTACTCT = 1486
	CTAGCTCA-TGTTCCGT = 690
	CTAGCTCA-TCTTCGAC = 1679
	CTAGCTCA-TCGAGAGT = 808
	CTAGCTCA-AGAGTCCA = 769
	CTAGCTCA-GATCAAGG = 305
	CTAGCTCA-CGGTAATC = 274
	CTAGCTCA-ACGATCAG = 537
	CTAGCTCA-GTCCTAAG = 443
	CTAGCTCA-ATCATGCG = 1472
	CTAGCTCA-TCGGATTC = 285
	CTAGCTCA-AGGATAGC = 397
	ACGATCAG-GTAGCGTA = 202
	ACGATCAG-AACAGCGA = 199
	ACGATCAG-CTCTGGAT = 697
	ACGATCAG-CACTTCAC = 133
	ACGATCAG-TATGGCAC = 285
	ACGATCAG-TCGACAAG = 250
	ACGATCAG-ATCGTGGT = 161
	ACGATCAG-GATCTTGC = 124
	ACGATCAG-CGATCGAT = 272
	ACGATCAG-TAGCCATG = 326
	ACGATCAG-TACCGGAT = 1549
	ACGATCAG-GCTACTCT = 228
	ACGATCAG-TGTTCCGT = 369
	ACGATCAG-TCTTCGAC = 836
	ACGATCAG-TCGAGAGT = 369
	ACGATCAG-AGAGTCCA = 329
	ACGATCAG-GATCAAGG = 224
	ACGATCAG-CGGTAATC = 149
	ACGATCAG-CTAGCTCA = 377
	ACGATCAG-GTCCTAAG = 323
	ACGATCAG-ATCATGCG = 324
	ACGATCAG-TCGGATTC = 117
	ACGATCAG-AGGATAGC = 299
	GTCCTAAG-GTAGCGTA = 242
	GTCCTAAG-AACAGCGA = 332
	GTCCTAAG-CTCTGGAT = 732
	GTCCTAAG-CACTTCAC = 88
	GTCCTAAG-TATGGCAC = 6276
	GTCCTAAG-TCGACAAG = 130
	GTCCTAAG-ATCGTGGT = 157
	GTCCTAAG-GATCTTGC = 144
	GTCCTAAG-CGATCGAT = 178
	GTCCTAAG-TAGCCATG = 286
	GTCCTAAG-TACCGGAT = 1559
	GTCCTAAG-GCTACTCT = 201
	GTCCTAAG-TGTTCCGT = 734
	GTCCTAAG-TCTTCGAC = 830
	GTCCTAAG-TCGAGAGT = 244
	GTCCTAAG-AGAGTCCA = 223
	GTCCTAAG-GATCAAGG = 285
	GTCCTAAG-CGGTAATC = 99
	GTCCTAAG-CTAGCTCA = 346
	GTCCTAAG-ACGATCAG = 262
	GTCCTAAG-ATCATGCG = 268
	GTCCTAAG-TCGGATTC = 219
	GTCCTAAG-AGGATAGC = 183
	ATCATGCG-GTAGCGTA = 200
	ATCATGCG-AACAGCGA = 363
	ATCATGCG-CTCTGGAT = 965
	ATCATGCG-CACTTCAC = 127
	ATCATGCG-TATGGCAC = 605
	ATCATGCG-TCGACAAG = 235
	ATCATGCG-ATCGTGGT = 324
	ATCATGCG-GATCTTGC = 180
	ATCATGCG-CGATCGAT = 177
	ATCATGCG-TAGCCATG = 617
	ATCATGCG-TACCGGAT = 1600
	ATCATGCG-GCTACTCT = 221
	ATCATGCG-TGTTCCGT = 437
	ATCATGCG-TCTTCGAC = 1203
	ATCATGCG-TCGAGAGT = 316
	ATCATGCG-AGAGTCCA = 380
	ATCATGCG-GATCAAGG = 351
	ATCATGCG-CGGTAATC = 135
	ATCATGCG-CTAGCTCA = 474
	ATCATGCG-ACGATCAG = 550
	ATCATGCG-GTCCTAAG = 462
	ATCATGCG-TCGGATTC = 138
	ATCATGCG-AGGATAGC = 396
	TCGGATTC-GTAGCGTA = 85
	TCGGATTC-AACAGCGA = 861
	TCGGATTC-CTCTGGAT = 405
	TCGGATTC-CACTTCAC = 85
	TCGGATTC-TATGGCAC = 287
	TCGGATTC-TCGACAAG = 57
	TCGGATTC-ATCGTGGT = 78
	TCGGATTC-GATCTTGC = 231
	TCGGATTC-CGATCGAT = 203
	TCGGATTC-TAGCCATG = 117
	TCGGATTC-TACCGGAT = 727
	TCGGATTC-GCTACTCT = 75
	TCGGATTC-TGTTCCGT = 189
	TCGGATTC-TCTTCGAC = 833
	TCGGATTC-TCGAGAGT = 166
	TCGGATTC-AGAGTCCA = 131
	TCGGATTC-GATCAAGG = 91
	TCGGATTC-CGGTAATC = 128
	TCGGATTC-CTAGCTCA = 230
	TCGGATTC-ACGATCAG = 137
	TCGGATTC-GTCCTAAG = 105
	TCGGATTC-ATCATGCG = 104
	TCGGATTC-AGGATAGC = 191
	AGGATAGC-GTAGCGTA = 782
	AGGATAGC-AACAGCGA = 222
	AGGATAGC-CTCTGGAT = 607
	AGGATAGC-CACTTCAC = 267
	AGGATAGC-TATGGCAC = 378
	AGGATAGC-TCGACAAG = 88
	AGGATAGC-ATCGTGGT = 173
	AGGATAGC-GATCTTGC = 391
	AGGATAGC-CGATCGAT = 201
	AGGATAGC-TAGCCATG = 221
	AGGATAGC-TACCGGAT = 1277
	AGGATAGC-GCTACTCT = 276
	AGGATAGC-TGTTCCGT = 339
	AGGATAGC-TCTTCGAC = 1239
	AGGATAGC-TCGAGAGT = 322
	AGGATAGC-AGAGTCCA = 342
	AGGATAGC-GATCAAGG = 127
	AGGATAGC-CGGTAATC = 198
	AGGATAGC-CTAGCTCA = 343
	AGGATAGC-ACGATCAG = 369
	AGGATAGC-GTCCTAAG = 179
	AGGATAGC-ATCATGCG = 350
	AGGATAGC-TCGGATTC = 210
total = 216286

% index matches: 84.0336396708
% index hops: 0.05957546776
% index unknown: 15.9067851369

